0 info it worked if it ends with ok
1 verbose cli [ '/Users/issacmahgrefteh/.nvm/versions/node/v4.8.7/bin/node',
1 verbose cli   '/Users/issacmahgrefteh/.nvm/versions/node/v4.8.7/bin/npm',
1 verbose cli   'install',
1 verbose cli   'server' ]
2 info using npm@2.15.11
3 info using node@v4.8.7
4 verbose install initial load of /Projects/dr90210/2017-06-10/parallax/package.json
5 warn package.json parallax@1.0.0 No README data
6 verbose installManyTop reading scoped package data from /Projects/dr90210/2017-06-10/parallax/node_modules/accepts/package.json
7 verbose installManyTop reading scoped package data from /Projects/dr90210/2017-06-10/parallax/node_modules/array-flatten/package.json
8 verbose installManyTop reading scoped package data from /Projects/dr90210/2017-06-10/parallax/node_modules/body-parser/package.json
9 verbose installManyTop reading scoped package data from /Projects/dr90210/2017-06-10/parallax/node_modules/bytes/package.json
10 verbose installManyTop reading scoped package data from /Projects/dr90210/2017-06-10/parallax/node_modules/content-disposition/package.json
11 verbose installManyTop reading scoped package data from /Projects/dr90210/2017-06-10/parallax/node_modules/content-type/package.json
12 verbose installManyTop reading scoped package data from /Projects/dr90210/2017-06-10/parallax/node_modules/cookie/package.json
13 verbose installManyTop reading scoped package data from /Projects/dr90210/2017-06-10/parallax/node_modules/cookie-signature/package.json
14 verbose installManyTop reading scoped package data from /Projects/dr90210/2017-06-10/parallax/node_modules/debug/package.json
15 verbose installManyTop reading scoped package data from /Projects/dr90210/2017-06-10/parallax/node_modules/depd/package.json
16 verbose installManyTop reading scoped package data from /Projects/dr90210/2017-06-10/parallax/node_modules/destroy/package.json
17 verbose installManyTop reading scoped package data from /Projects/dr90210/2017-06-10/parallax/node_modules/ee-first/package.json
18 verbose installManyTop reading scoped package data from /Projects/dr90210/2017-06-10/parallax/node_modules/encodeurl/package.json
19 verbose installManyTop reading scoped package data from /Projects/dr90210/2017-06-10/parallax/node_modules/escape-html/package.json
20 verbose installManyTop reading scoped package data from /Projects/dr90210/2017-06-10/parallax/node_modules/etag/package.json
21 verbose installManyTop reading scoped package data from /Projects/dr90210/2017-06-10/parallax/node_modules/express/package.json
22 verbose installManyTop reading scoped package data from /Projects/dr90210/2017-06-10/parallax/node_modules/finalhandler/package.json
23 verbose installManyTop reading scoped package data from /Projects/dr90210/2017-06-10/parallax/node_modules/forwarded/package.json
24 verbose installManyTop reading scoped package data from /Projects/dr90210/2017-06-10/parallax/node_modules/fresh/package.json
25 verbose installManyTop reading scoped package data from /Projects/dr90210/2017-06-10/parallax/node_modules/http-errors/package.json
26 verbose installManyTop reading scoped package data from /Projects/dr90210/2017-06-10/parallax/node_modules/iconv-lite/package.json
27 verbose installManyTop reading scoped package data from /Projects/dr90210/2017-06-10/parallax/node_modules/inherits/package.json
28 verbose installManyTop reading scoped package data from /Projects/dr90210/2017-06-10/parallax/node_modules/ipaddr.js/package.json
29 verbose installManyTop reading scoped package data from /Projects/dr90210/2017-06-10/parallax/node_modules/media-typer/package.json
30 verbose installManyTop reading scoped package data from /Projects/dr90210/2017-06-10/parallax/node_modules/merge-descriptors/package.json
31 verbose installManyTop reading scoped package data from /Projects/dr90210/2017-06-10/parallax/node_modules/methods/package.json
32 verbose installManyTop reading scoped package data from /Projects/dr90210/2017-06-10/parallax/node_modules/mime/package.json
33 verbose installManyTop reading scoped package data from /Projects/dr90210/2017-06-10/parallax/node_modules/mime-db/package.json
34 verbose installManyTop reading scoped package data from /Projects/dr90210/2017-06-10/parallax/node_modules/mime-types/package.json
35 verbose installManyTop reading scoped package data from /Projects/dr90210/2017-06-10/parallax/node_modules/ms/package.json
36 verbose installManyTop reading scoped package data from /Projects/dr90210/2017-06-10/parallax/node_modules/negotiator/package.json
37 verbose installManyTop reading scoped package data from /Projects/dr90210/2017-06-10/parallax/node_modules/nodemailer/package.json
38 verbose installManyTop reading scoped package data from /Projects/dr90210/2017-06-10/parallax/node_modules/on-finished/package.json
39 verbose installManyTop reading scoped package data from /Projects/dr90210/2017-06-10/parallax/node_modules/parseurl/package.json
40 verbose installManyTop reading scoped package data from /Projects/dr90210/2017-06-10/parallax/node_modules/path-to-regexp/package.json
41 verbose installManyTop reading scoped package data from /Projects/dr90210/2017-06-10/parallax/node_modules/proxy-addr/package.json
42 verbose installManyTop reading scoped package data from /Projects/dr90210/2017-06-10/parallax/node_modules/qs/package.json
43 verbose installManyTop reading scoped package data from /Projects/dr90210/2017-06-10/parallax/node_modules/range-parser/package.json
44 verbose installManyTop reading scoped package data from /Projects/dr90210/2017-06-10/parallax/node_modules/raw-body/package.json
45 verbose installManyTop reading scoped package data from /Projects/dr90210/2017-06-10/parallax/node_modules/safe-buffer/package.json
46 verbose installManyTop reading scoped package data from /Projects/dr90210/2017-06-10/parallax/node_modules/send/package.json
47 verbose installManyTop reading scoped package data from /Projects/dr90210/2017-06-10/parallax/node_modules/serve-static/package.json
48 verbose installManyTop reading scoped package data from /Projects/dr90210/2017-06-10/parallax/node_modules/setprototypeof/package.json
49 verbose installManyTop reading scoped package data from /Projects/dr90210/2017-06-10/parallax/node_modules/statuses/package.json
50 verbose installManyTop reading scoped package data from /Projects/dr90210/2017-06-10/parallax/node_modules/type-is/package.json
51 verbose installManyTop reading scoped package data from /Projects/dr90210/2017-06-10/parallax/node_modules/unpipe/package.json
52 verbose installManyTop reading scoped package data from /Projects/dr90210/2017-06-10/parallax/node_modules/utils-merge/package.json
53 verbose installManyTop reading scoped package data from /Projects/dr90210/2017-06-10/parallax/node_modules/vary/package.json
54 verbose readDependencies loading dependencies from /Projects/dr90210/2017-06-10/parallax/package.json
55 silly cache add args [ 'server', null ]
56 verbose cache add spec server
57 silly cache add parsed spec Result {
57 silly cache add   raw: 'server',
57 silly cache add   scope: null,
57 silly cache add   name: 'server',
57 silly cache add   rawSpec: '',
57 silly cache add   spec: 'latest',
57 silly cache add   type: 'tag' }
58 silly addNamed server@latest
59 verbose addNamed "latest" is being treated as a dist-tag for server
60 info addNameTag [ 'server', 'latest' ]
61 silly mapToRegistry name server
62 silly mapToRegistry using default registry
63 silly mapToRegistry registry https://registry.npmjs.org/
64 silly mapToRegistry data Result {
64 silly mapToRegistry   raw: 'server',
64 silly mapToRegistry   scope: null,
64 silly mapToRegistry   name: 'server',
64 silly mapToRegistry   rawSpec: '',
64 silly mapToRegistry   spec: 'latest',
64 silly mapToRegistry   type: 'tag' }
65 silly mapToRegistry uri https://registry.npmjs.org/server
66 verbose addNameTag registry:https://registry.npmjs.org/server not in flight; fetching
67 verbose request uri https://registry.npmjs.org/server
68 verbose request no auth needed
69 info attempt registry request try #1 at 11:27:49 PM
70 verbose request id 151ccc31c982bfb8
71 http request GET https://registry.npmjs.org/server
72 http 200 https://registry.npmjs.org/server
73 verbose headers { 'content-type': 'application/json; charset=UTF-8',
73 verbose headers   server: 'UploadServer',
73 verbose headers   'cache-control': 'max-age=300',
73 verbose headers   'last-modified': 'Mon, 8 Jan 2018 12:55:49 GMT',
73 verbose headers   etag: '"5a536a55-235e3"',
73 verbose headers   'content-encoding': 'gzip',
73 verbose headers   'content-length': '14452',
73 verbose headers   'accept-ranges': 'bytes',
73 verbose headers   date: 'Tue, 09 Jan 2018 07:27:50 GMT',
73 verbose headers   via: '1.1 varnish',
73 verbose headers   age: '0',
73 verbose headers   connection: 'keep-alive',
73 verbose headers   'x-served-by': 'cache-lax8639-LAX',
73 verbose headers   'x-cache': 'MISS',
73 verbose headers   'x-cache-hits': '0',
73 verbose headers   'x-timer': 'S1515482870.904671,VS0,VE226',
73 verbose headers   vary: 'Accept-Encoding, Accept' }
74 silly get cb [ 200,
74 silly get   { 'content-type': 'application/json; charset=UTF-8',
74 silly get     server: 'UploadServer',
74 silly get     'cache-control': 'max-age=300',
74 silly get     'last-modified': 'Mon, 8 Jan 2018 12:55:49 GMT',
74 silly get     etag: '"5a536a55-235e3"',
74 silly get     'content-encoding': 'gzip',
74 silly get     'content-length': '14452',
74 silly get     'accept-ranges': 'bytes',
74 silly get     date: 'Tue, 09 Jan 2018 07:27:50 GMT',
74 silly get     via: '1.1 varnish',
74 silly get     age: '0',
74 silly get     connection: 'keep-alive',
74 silly get     'x-served-by': 'cache-lax8639-LAX',
74 silly get     'x-cache': 'MISS',
74 silly get     'x-cache-hits': '0',
74 silly get     'x-timer': 'S1515482870.904671,VS0,VE226',
74 silly get     vary: 'Accept-Encoding, Accept' } ]
75 verbose get saving server to /Users/issacmahgrefteh/.npm/registry.npmjs.org/server/.cache.json
76 verbose correctMkdir /Users/issacmahgrefteh/.npm correctMkdir not in flight; initializing
77 silly addNameTag next cb for server with tag latest
78 verbose stack Error: No compatible version found: server@'latest'
78 verbose stack Valid install targets:
78 verbose stack ["0.0.0","0.0.1","0.0.2","0.0.3","1.0.0-alpha.1","1.0.0-alpha.2","1.0.0-alpha.3","1.0.0-alpha.5","1.0.0-alpha.6","1.0.0-alpha.7","1.0.0-alpha.9","1.0.0-alpha.10","1.0.0-alpha.11","1.0.0-alpha.14","1.0.0-alpha.15","1.0.0-alpha.16","1.0.0-alpha.17","1.0.0-alpha.18","1.0.0-alpha.19","1.0.0-alpha.20","1.0.0-alpha.21","1.0.0-alpha.22","1.0.0-alpha.23","1.0.0-alpha.24","1.0.0-alpha.25","1.0.0-alpha.26","1.0.0-alpha.27","1.0.0-alpha.28","1.0.0-alpha.29"]
78 verbose stack
78 verbose stack     at installTargetsError (/Users/issacmahgrefteh/.nvm/versions/node/v4.8.7/lib/node_modules/npm/lib/cache/add-named.js:284:12)
78 verbose stack     at next (/Users/issacmahgrefteh/.nvm/versions/node/v4.8.7/lib/node_modules/npm/lib/cache/add-named.js:94:10)
78 verbose stack     at RES (/Users/issacmahgrefteh/.nvm/versions/node/v4.8.7/lib/node_modules/npm/node_modules/inflight/inflight.js:23:14)
78 verbose stack     at f (/Users/issacmahgrefteh/.nvm/versions/node/v4.8.7/lib/node_modules/npm/node_modules/once/once.js:25:25)
78 verbose stack     at fixName (/Users/issacmahgrefteh/.nvm/versions/node/v4.8.7/lib/node_modules/npm/lib/cache/add-named.js:29:5)
78 verbose stack     at saved (/Users/issacmahgrefteh/.nvm/versions/node/v4.8.7/lib/node_modules/npm/lib/cache/caching-client.js:173:7)
78 verbose stack     at /Users/issacmahgrefteh/.nvm/versions/node/v4.8.7/lib/node_modules/npm/node_modules/graceful-fs/polyfills.js:233:18
78 verbose stack     at FSReqWrap.oncomplete (fs.js:82:15)
79 verbose cwd /Projects/dr90210/2017-06-10/parallax
80 error Darwin 15.6.0
81 error argv "/Users/issacmahgrefteh/.nvm/versions/node/v4.8.7/bin/node" "/Users/issacmahgrefteh/.nvm/versions/node/v4.8.7/bin/npm" "install" "server"
82 error node v4.8.7
83 error npm  v2.15.11
84 error code ETARGET
85 error notarget No compatible version found: server@'latest'
85 error notarget Valid install targets:
85 error notarget ["0.0.0","0.0.1","0.0.2","0.0.3","1.0.0-alpha.1","1.0.0-alpha.2","1.0.0-alpha.3","1.0.0-alpha.5","1.0.0-alpha.6","1.0.0-alpha.7","1.0.0-alpha.9","1.0.0-alpha.10","1.0.0-alpha.11","1.0.0-alpha.14","1.0.0-alpha.15","1.0.0-alpha.16","1.0.0-alpha.17","1.0.0-alpha.18","1.0.0-alpha.19","1.0.0-alpha.20","1.0.0-alpha.21","1.0.0-alpha.22","1.0.0-alpha.23","1.0.0-alpha.24","1.0.0-alpha.25","1.0.0-alpha.26","1.0.0-alpha.27","1.0.0-alpha.28","1.0.0-alpha.29"]
85 error notarget
85 error notarget This is most likely not a problem with npm itself.
85 error notarget In most cases you or one of your dependencies are requesting
85 error notarget a package version that doesn't exist.
85 error notarget
85 error notarget It was specified as a dependency of 'parallax'
86 verbose exit [ 1, true ]
